     1                                  bits 32 ; assembling for the 32 bits architecture
     2                                  
     3                                  ; declare the EntryPoint (a label defining the very first instruction of the program)
     4                                  global start        
     5                                  
     6                                  ; declare external functions needed by our program
     7                                  extern exit               ; tell nasm that exit exists even if we won't be defining it
     8                                  import exit msvcrt.dll    ; exit is a function that ends the calling process. It is defined in msvcrt.dll
     9                                                            ; msvcrt.dll contains exit, printf and all the other important C-runtime specific functions
    10                                  ; a,b,c,d - word - ex. 1
    11                                  ; (c+b+a)-(d+d)
    12                                  segment data use32 class=data
    13 00000000 0A00                        a dw 10
    14 00000002 F401                        c dw 500
    15 00000004 EA01                        b dw 490
    16 00000006 FA00                        d dw 250
    17                                  
    18                                  ; our code starts here
    19                                  segment code use32 class=code
    20                                      start:
    21 00000000 66A1[02000000]                  mov ax, [c]
    22 00000006 660305[04000000]                add ax, [b] ; ax = c + b
    23 0000000D 660305[00000000]                add ax, [a] ; ax = c + b + a
    24 00000014 668B1D[06000000]                mov bx, [d] 
    25 0000001B 66D1E3                          shl bx, 1
    26 0000001E 6629D8                          sub ax, bx
    27                                      
    28                                          ; exit(0)
    29 00000021 6A00                            push    dword 0      ; push the parameter for exit onto the stack
    30 00000023 FF15[00000000]                  call    [exit]       ; call exit to terminate the program
