     1                                  bits 32 ; assembling for the 32 bits architecture
     2                                  
     3                                  ; declare the EntryPoint (a label defining the very first instruction of the program)
     4                                  global start        
     5                                  
     6                                  ; declare external functions needed by our program
     7                                  extern exit               ; tell nasm that exit exists even if we won't be defining it
     8                                  import exit msvcrt.dll    ; exit is a function that ends the calling process. It is defined in msvcrt.dll
     9                                                            ; msvcrt.dll contains exit, printf and all the other important C-runtime specific functions
    10                                  
    11                                  ; a,b,c,d-byte, e,f,g,h-word
    12                                  ; ((a-b)*4)/c
    13                                  segment data use32 class=data
    14 00000000 0A                          a db 10
    15 00000001 05                          b db 5
    16 00000002 03                          c db 3
    17                                  
    18                                  ; our code starts here
    19                                  segment code use32 class=code
    20                                      start:
    21 00000000 A0[00000000]                    mov al, [a]
    22 00000005 2A05[01000000]                  sub al, [b]
    23                                          
    24 0000000B B304                            mov bl, 4
    25 0000000D F6E3                            mul bl ; ax = ((a-b)*4)
    26                                          
    27 0000000F F635[02000000]                  div byte [c] ; al = ((a-b)*4)/c
    28                                      
    29                                          ; exit(0)
    30 00000015 6A00                            push    dword 0      ; push the parameter for exit onto the stack
    31 00000017 FF15[00000000]                  call    [exit]       ; call exit to terminate the program
